Assembler report for TbdRxFskFull
Thu Jan 18 20:59:40 2018
Quartus Prime Version 16.0.0 Build 211 04/27/2016 SJ Lite Edition


---------------------
; Table of Contents ;
---------------------
  1. Legal Notice
  2. Assembler Summary
  3. Assembler Settings
  4. Assembler Encrypted IP Cores Summary
  5. Assembler Generated Files
  6. Assembler Device Options: C:/Users/Daniel/Desktop/tmp_scd/prjDsp/grpComFsk/unitTbdRxFskFull/flw/synlayQuartus/synlayResults/TbdRxFskFull.sof
  7. Assembler Device Options: C:/Users/Daniel/Desktop/tmp_scd/prjDsp/grpComFsk/unitTbdRxFskFull/flw/synlayQuartus/synlayResults/TbdRxFskFull.rbf
  8. Assembler Messages



----------------
; Legal Notice ;
----------------
Copyright (C) 1991-2016 Altera Corporation. All rights reserved.
Your use of Altera Corporation's design tools, logic functions 
and other software and tools, and its AMPP partner logic 
functions, and any output files from any of the foregoing 
(including device programming or simulation files), and any 
associated documentation or information are expressly subject 
to the terms and conditions of the Altera Program License 
Subscription Agreement, the Altera Quartus Prime License Agreement,
the Altera MegaCore Function License Agreement, or other 
applicable license agreement, including, without limitation, 
that your use is for the sole purpose of programming logic 
devices manufactured by Altera and sold by Altera or its 
authorized distributors.  Please refer to the applicable 
agreement for further details.



+---------------------------------------------------------------+
; Assembler Summary                                             ;
+-----------------------+---------------------------------------+
; Assembler Status      ; Successful - Thu Jan 18 20:59:40 2018 ;
; Revision Name         ; TbdRxFskFull                          ;
; Top-level Entity Name ; TbdRxFskFull                          ;
; Family                ; Cyclone V                             ;
; Device                ; 5CSEMA5F31C6                          ;
+-----------------------+---------------------------------------+


+----------------------------------+
; Assembler Settings               ;
+--------+---------+---------------+
; Option ; Setting ; Default Value ;
+--------+---------+---------------+


+------------------------------------------------+
; Assembler Encrypted IP Cores Summary           ;
+--------+------------------------+--------------+
; Vendor ; IP Core Name           ; License Type ;
+--------+------------------------+--------------+
; Altera ; Signal Tap (6AF7 BCE1) ; Licensed     ;
; Altera ; Signal Tap (6AF7 BCEC) ; Licensed     ;
+--------+------------------------+--------------+


+--------------------------------------------------------------------------------------------------------------------+
; Assembler Generated Files                                                                                          ;
+--------------------------------------------------------------------------------------------------------------------+
; File Name                                                                                                          ;
+--------------------------------------------------------------------------------------------------------------------+
; C:/Users/Daniel/Desktop/tmp_scd/prjDsp/grpComFsk/unitTbdRxFskFull/flw/synlayQuartus/synlayResults/TbdRxFskFull.sof ;
; C:/Users/Daniel/Desktop/tmp_scd/prjDsp/grpComFsk/unitTbdRxFskFull/flw/synlayQuartus/synlayResults/TbdRxFskFull.rbf ;
+--------------------------------------------------------------------------------------------------------------------+


+----------------------------------------------------------------------------------------------------------------------------------------------+
; Assembler Device Options: C:/Users/Daniel/Desktop/tmp_scd/prjDsp/grpComFsk/unitTbdRxFskFull/flw/synlayQuartus/synlayResults/TbdRxFskFull.sof ;
+----------------+-----------------------------------------------------------------------------------------------------------------------------+
; Option         ; Setting                                                                                                                     ;
+----------------+-----------------------------------------------------------------------------------------------------------------------------+
; Device         ; 5CSEMA5F31C6                                                                                                                ;
; JTAG usercode  ; 0x0162CA16                                                                                                                  ;
; Checksum       ; 0x0162CA16                                                                                                                  ;
+----------------+-----------------------------------------------------------------------------------------------------------------------------+


+----------------------------------------------------------------------------------------------------------------------------------------------+
; Assembler Device Options: C:/Users/Daniel/Desktop/tmp_scd/prjDsp/grpComFsk/unitTbdRxFskFull/flw/synlayQuartus/synlayResults/TbdRxFskFull.rbf ;
+---------------------+------------------------------------------------------------------------------------------------------------------------+
; Option              ; Setting                                                                                                                ;
+---------------------+------------------------------------------------------------------------------------------------------------------------+
; Raw Binary File     ;                                                                                                                        ;
;  Compression Ratio  ; 3                                                                                                                      ;
+---------------------+------------------------------------------------------------------------------------------------------------------------+


+--------------------+
; Assembler Messages ;
+--------------------+
Info: *******************************************************************
Info: Running Quartus Prime Assembler
    Info: Version 16.0.0 Build 211 04/27/2016 SJ Lite Edition
    Info: Processing started: Thu Jan 18 20:59:18 2018
Info: Command: quartus_asm --read_settings_files=off --write_settings_files=off TbdRxFskFull -c TbdRxFskFull
Info (115030): Assembler is generating device programming files
Warning (11713): The configuration of the Hard Processor Subsystem (HPS) within this design has changed.
The Preloader software that initializes the HPS requires an update.
Using hps_isw_handoff/Computer_System_ARM_A9_HPS/, run the Preloader Support Package Generator to update your Preloader software
Info: Quartus Prime Assembler was successful. 0 errors, 1 warning
    Info: Peak virtual memory: 1040 megabytes
    Info: Processing ended: Thu Jan 18 20:59:40 2018
    Info: Elapsed time: 00:00:22
    Info: Total CPU time (on all processors): 00:00:21


